{"/Users/rohitkarbari/Desktop/AZohad_Project/backend/src/controllers/appointment.controller.ts": {"path":"/Users/rohitkarbari/Desktop/AZohad_Project/backend/src/controllers/appointment.controller.ts","statementMap":{"0":{"start":{"line":3,"column":0},"end":{"line":3,"column":69}},"1":{"start":{"line":5,"column":0},"end":{"line":5,"column":48}},"2":{"start":{"line":6,"column":0},"end":{"line":6,"column":44}},"3":{"start":{"line":12,"column":4},"end":{"line":12,"column":60}},"4":{"start":{"line":16,"column":4},"end":{"line":34,"column":5}},"5":{"start":{"line":17,"column":6},"end":{"line":17,"column":49}},"6":{"start":{"line":18,"column":21},"end":{"line":23,"column":null}},"7":{"start":{"line":25,"column":6},"end":{"line":28,"column":9}},"8":{"start":{"line":30,"column":6},"end":{"line":33,"column":9}},"9":{"start":{"line":38,"column":4},"end":{"line":54,"column":5}},"10":{"start":{"line":39,"column":24},"end":{"line":39,"column":60}},"11":{"start":{"line":40,"column":27},"end":{"line":43,"column":null}},"12":{"start":{"line":45,"column":6},"end":{"line":48,"column":9}},"13":{"start":{"line":50,"column":6},"end":{"line":53,"column":9}},"14":{"start":{"line":58,"column":4},"end":{"line":71,"column":5}},"15":{"start":{"line":59,"column":6},"end":{"line":64,"column":8}},"16":{"start":{"line":65,"column":6},"end":{"line":65,"column":29}},"17":{"start":{"line":67,"column":6},"end":{"line":70,"column":9}},"18":{"start":{"line":8,"column":0},"end":{"line":8,"column":13}}},"fnMap":{"0":{"name":"(anonymous_0)","decl":{"start":{"line":11,"column":2},"end":{"line":11,"column":14}},"loc":{"start":{"line":11,"column":25},"end":{"line":13,"column":3}}},"1":{"name":"(anonymous_1)","decl":{"start":{"line":15,"column":2},"end":{"line":15,"column":7}},"loc":{"start":{"line":15,"column":57},"end":{"line":35,"column":3}}},"2":{"name":"(anonymous_2)","decl":{"start":{"line":37,"column":2},"end":{"line":37,"column":7}},"loc":{"start":{"line":37,"column":63},"end":{"line":55,"column":3}}},"3":{"name":"(anonymous_3)","decl":{"start":{"line":57,"column":2},"end":{"line":57,"column":7}},"loc":{"start":{"line":57,"column":57},"end":{"line":72,"column":3}}}},"branchMap":{"0":{"loc":{"start":{"line":22,"column":8},"end":{"line":22,"column":20}},"type":"binary-expr","locations":[{"start":{"line":22,"column":8},"end":{"line":22,"column":14}},{"start":{"line":22,"column":18},"end":{"line":22,"column":20}}]},"1":{"loc":{"start":{"line":23,"column":8},"end":{"line":23,"column":31}},"type":"binary-expr","locations":[{"start":{"line":23,"column":8},"end":{"line":23,"column":25}},{"start":{"line":23,"column":29},"end":{"line":23,"column":31}}]},"2":{"loc":{"start":{"line":30,"column":17},"end":{"line":30,"column":40}},"type":"binary-expr","locations":[{"start":{"line":30,"column":17},"end":{"line":30,"column":33}},{"start":{"line":30,"column":37},"end":{"line":30,"column":40}}]},"3":{"loc":{"start":{"line":31,"column":14},"end":{"line":31,"column":35}},"type":"binary-expr","locations":[{"start":{"line":31,"column":14},"end":{"line":31,"column":24}},{"start":{"line":31,"column":28},"end":{"line":31,"column":35}}]},"4":{"loc":{"start":{"line":39,"column":24},"end":{"line":39,"column":60}},"type":"binary-expr","locations":[{"start":{"line":39,"column":24},"end":{"line":39,"column":44}},{"start":{"line":39,"column":48},"end":{"line":39,"column":60}}]},"5":{"loc":{"start":{"line":43,"column":8},"end":{"line":43,"column":31}},"type":"binary-expr","locations":[{"start":{"line":43,"column":8},"end":{"line":43,"column":25}},{"start":{"line":43,"column":29},"end":{"line":43,"column":31}}]},"6":{"loc":{"start":{"line":50,"column":17},"end":{"line":50,"column":40}},"type":"binary-expr","locations":[{"start":{"line":50,"column":17},"end":{"line":50,"column":33}},{"start":{"line":50,"column":37},"end":{"line":50,"column":40}}]},"7":{"loc":{"start":{"line":51,"column":14},"end":{"line":51,"column":35}},"type":"binary-expr","locations":[{"start":{"line":51,"column":14},"end":{"line":51,"column":24}},{"start":{"line":51,"column":28},"end":{"line":51,"column":35}}]},"8":{"loc":{"start":{"line":63,"column":8},"end":{"line":63,"column":31}},"type":"binary-expr","locations":[{"start":{"line":63,"column":8},"end":{"line":63,"column":25}},{"start":{"line":63,"column":29},"end":{"line":63,"column":31}}]},"9":{"loc":{"start":{"line":67,"column":17},"end":{"line":67,"column":40}},"type":"binary-expr","locations":[{"start":{"line":67,"column":17},"end":{"line":67,"column":33}},{"start":{"line":67,"column":37},"end":{"line":67,"column":40}}]},"10":{"loc":{"start":{"line":68,"column":14},"end":{"line":68,"column":35}},"type":"binary-expr","locations":[{"start":{"line":68,"column":14},"end":{"line":68,"column":24}},{"start":{"line":68,"column":28},"end":{"line":68,"column":35}}]}},"s":{"0":1,"1":1,"2":1,"3":1,"4":0,"5":0,"6":0,"7":0,"8":0,"9":0,"10":0,"11":0,"12":0,"13":0,"14":0,"15":0,"16":0,"17":0,"18":1},"f":{"0":1,"1":0,"2":0,"3":0},"b":{"0":[0,0],"1":[0,0],"2":[0,0],"3":[0,0],"4":[0,0],"5":[0,0],"6":[0,0],"7":[0,0],"8":[0,0],"9":[0,0],"10":[0,0]}}
,"/Users/rohitkarbari/Desktop/AZohad_Project/backend/src/controllers/auth.controller.ts": {"path":"/Users/rohitkarbari/Desktop/AZohad_Project/backend/src/controllers/auth.controller.ts","statementMap":{"0":{"start":{"line":3,"column":0},"end":{"line":3,"column":55}},"1":{"start":{"line":5,"column":0},"end":{"line":5,"column":48}},"2":{"start":{"line":6,"column":0},"end":{"line":6,"column":38}},"3":{"start":{"line":12,"column":4},"end":{"line":12,"column":46}},"4":{"start":{"line":16,"column":4},"end":{"line":31,"column":5}},"5":{"start":{"line":17,"column":21},"end":{"line":20,"column":null}},"6":{"start":{"line":22,"column":6},"end":{"line":25,"column":9}},"7":{"start":{"line":27,"column":6},"end":{"line":30,"column":9}},"8":{"start":{"line":35,"column":4},"end":{"line":52,"column":5}},"9":{"start":{"line":36,"column":6},"end":{"line":36,"column":43}},"10":{"start":{"line":37,"column":21},"end":{"line":41,"column":null}},"11":{"start":{"line":43,"column":6},"end":{"line":46,"column":9}},"12":{"start":{"line":48,"column":6},"end":{"line":51,"column":9}},"13":{"start":{"line":8,"column":0},"end":{"line":8,"column":13}}},"fnMap":{"0":{"name":"(anonymous_0)","decl":{"start":{"line":11,"column":2},"end":{"line":11,"column":14}},"loc":{"start":{"line":11,"column":25},"end":{"line":13,"column":3}}},"1":{"name":"(anonymous_1)","decl":{"start":{"line":15,"column":2},"end":{"line":15,"column":7}},"loc":{"start":{"line":15,"column":55},"end":{"line":32,"column":3}}},"2":{"name":"(anonymous_2)","decl":{"start":{"line":34,"column":2},"end":{"line":34,"column":7}},"loc":{"start":{"line":34,"column":52},"end":{"line":53,"column":3}}}},"branchMap":{"0":{"loc":{"start":{"line":19,"column":8},"end":{"line":19,"column":20}},"type":"binary-expr","locations":[{"start":{"line":19,"column":8},"end":{"line":19,"column":14}},{"start":{"line":19,"column":18},"end":{"line":19,"column":20}}]},"1":{"loc":{"start":{"line":20,"column":8},"end":{"line":20,"column":31}},"type":"binary-expr","locations":[{"start":{"line":20,"column":8},"end":{"line":20,"column":25}},{"start":{"line":20,"column":29},"end":{"line":20,"column":31}}]},"2":{"loc":{"start":{"line":27,"column":17},"end":{"line":27,"column":40}},"type":"binary-expr","locations":[{"start":{"line":27,"column":17},"end":{"line":27,"column":33}},{"start":{"line":27,"column":37},"end":{"line":27,"column":40}}]},"3":{"loc":{"start":{"line":28,"column":14},"end":{"line":28,"column":35}},"type":"binary-expr","locations":[{"start":{"line":28,"column":14},"end":{"line":28,"column":24}},{"start":{"line":28,"column":28},"end":{"line":28,"column":35}}]},"4":{"loc":{"start":{"line":40,"column":8},"end":{"line":40,"column":20}},"type":"binary-expr","locations":[{"start":{"line":40,"column":8},"end":{"line":40,"column":14}},{"start":{"line":40,"column":18},"end":{"line":40,"column":20}}]},"5":{"loc":{"start":{"line":41,"column":8},"end":{"line":41,"column":31}},"type":"binary-expr","locations":[{"start":{"line":41,"column":8},"end":{"line":41,"column":25}},{"start":{"line":41,"column":29},"end":{"line":41,"column":31}}]},"6":{"loc":{"start":{"line":48,"column":17},"end":{"line":48,"column":40}},"type":"binary-expr","locations":[{"start":{"line":48,"column":17},"end":{"line":48,"column":33}},{"start":{"line":48,"column":37},"end":{"line":48,"column":40}}]},"7":{"loc":{"start":{"line":49,"column":14},"end":{"line":49,"column":35}},"type":"binary-expr","locations":[{"start":{"line":49,"column":14},"end":{"line":49,"column":24}},{"start":{"line":49,"column":28},"end":{"line":49,"column":35}}]}},"s":{"0":1,"1":1,"2":1,"3":1,"4":0,"5":0,"6":0,"7":0,"8":0,"9":0,"10":0,"11":0,"12":0,"13":1},"f":{"0":1,"1":0,"2":0},"b":{"0":[0,0],"1":[0,0],"2":[0,0],"3":[0,0],"4":[0,0],"5":[0,0],"6":[0,0],"7":[0,0]}}
,"/Users/rohitkarbari/Desktop/AZohad_Project/backend/src/controllers/clinical-note.controller.ts": {"path":"/Users/rohitkarbari/Desktop/AZohad_Project/backend/src/controllers/clinical-note.controller.ts","statementMap":{"0":{"start":{"line":3,"column":0},"end":{"line":3,"column":70}},"1":{"start":{"line":5,"column":0},"end":{"line":5,"column":48}},"2":{"start":{"line":6,"column":0},"end":{"line":6,"column":45}},"3":{"start":{"line":12,"column":4},"end":{"line":12,"column":54}},"4":{"start":{"line":16,"column":4},"end":{"line":33,"column":5}},"5":{"start":{"line":17,"column":6},"end":{"line":17,"column":50}},"6":{"start":{"line":18,"column":21},"end":{"line":22,"column":null}},"7":{"start":{"line":24,"column":6},"end":{"line":27,"column":9}},"8":{"start":{"line":29,"column":6},"end":{"line":32,"column":9}},"9":{"start":{"line":37,"column":4},"end":{"line":54,"column":5}},"10":{"start":{"line":38,"column":21},"end":{"line":43,"column":null}},"11":{"start":{"line":45,"column":6},"end":{"line":48,"column":9}},"12":{"start":{"line":50,"column":6},"end":{"line":53,"column":9}},"13":{"start":{"line":58,"column":4},"end":{"line":71,"column":5}},"14":{"start":{"line":59,"column":6},"end":{"line":64,"column":8}},"15":{"start":{"line":65,"column":6},"end":{"line":65,"column":29}},"16":{"start":{"line":67,"column":6},"end":{"line":70,"column":9}},"17":{"start":{"line":75,"column":4},"end":{"line":91,"column":5}},"18":{"start":{"line":76,"column":19},"end":{"line":80,"column":null}},"19":{"start":{"line":82,"column":6},"end":{"line":85,"column":9}},"20":{"start":{"line":87,"column":6},"end":{"line":90,"column":9}},"21":{"start":{"line":8,"column":0},"end":{"line":8,"column":13}}},"fnMap":{"0":{"name":"(anonymous_0)","decl":{"start":{"line":11,"column":2},"end":{"line":11,"column":14}},"loc":{"start":{"line":11,"column":25},"end":{"line":13,"column":3}}},"1":{"name":"(anonymous_1)","decl":{"start":{"line":15,"column":2},"end":{"line":15,"column":7}},"loc":{"start":{"line":15,"column":50},"end":{"line":34,"column":3}}},"2":{"name":"(anonymous_2)","decl":{"start":{"line":36,"column":2},"end":{"line":36,"column":7}},"loc":{"start":{"line":36,"column":50},"end":{"line":55,"column":3}}},"3":{"name":"(anonymous_3)","decl":{"start":{"line":57,"column":2},"end":{"line":57,"column":7}},"loc":{"start":{"line":57,"column":52},"end":{"line":72,"column":3}}},"4":{"name":"(anonymous_4)","decl":{"start":{"line":74,"column":2},"end":{"line":74,"column":7}},"loc":{"start":{"line":74,"column":60},"end":{"line":92,"column":3}}}},"branchMap":{"0":{"loc":{"start":{"line":21,"column":8},"end":{"line":21,"column":20}},"type":"binary-expr","locations":[{"start":{"line":21,"column":8},"end":{"line":21,"column":14}},{"start":{"line":21,"column":18},"end":{"line":21,"column":20}}]},"1":{"loc":{"start":{"line":22,"column":8},"end":{"line":22,"column":31}},"type":"binary-expr","locations":[{"start":{"line":22,"column":8},"end":{"line":22,"column":25}},{"start":{"line":22,"column":29},"end":{"line":22,"column":31}}]},"2":{"loc":{"start":{"line":29,"column":17},"end":{"line":29,"column":40}},"type":"binary-expr","locations":[{"start":{"line":29,"column":17},"end":{"line":29,"column":33}},{"start":{"line":29,"column":37},"end":{"line":29,"column":40}}]},"3":{"loc":{"start":{"line":30,"column":14},"end":{"line":30,"column":35}},"type":"binary-expr","locations":[{"start":{"line":30,"column":14},"end":{"line":30,"column":24}},{"start":{"line":30,"column":28},"end":{"line":30,"column":35}}]},"4":{"loc":{"start":{"line":42,"column":8},"end":{"line":42,"column":20}},"type":"binary-expr","locations":[{"start":{"line":42,"column":8},"end":{"line":42,"column":14}},{"start":{"line":42,"column":18},"end":{"line":42,"column":20}}]},"5":{"loc":{"start":{"line":43,"column":8},"end":{"line":43,"column":31}},"type":"binary-expr","locations":[{"start":{"line":43,"column":8},"end":{"line":43,"column":25}},{"start":{"line":43,"column":29},"end":{"line":43,"column":31}}]},"6":{"loc":{"start":{"line":50,"column":17},"end":{"line":50,"column":40}},"type":"binary-expr","locations":[{"start":{"line":50,"column":17},"end":{"line":50,"column":33}},{"start":{"line":50,"column":37},"end":{"line":50,"column":40}}]},"7":{"loc":{"start":{"line":51,"column":14},"end":{"line":51,"column":35}},"type":"binary-expr","locations":[{"start":{"line":51,"column":14},"end":{"line":51,"column":24}},{"start":{"line":51,"column":28},"end":{"line":51,"column":35}}]},"8":{"loc":{"start":{"line":62,"column":8},"end":{"line":62,"column":20}},"type":"binary-expr","locations":[{"start":{"line":62,"column":8},"end":{"line":62,"column":14}},{"start":{"line":62,"column":18},"end":{"line":62,"column":20}}]},"9":{"loc":{"start":{"line":63,"column":8},"end":{"line":63,"column":31}},"type":"binary-expr","locations":[{"start":{"line":63,"column":8},"end":{"line":63,"column":25}},{"start":{"line":63,"column":29},"end":{"line":63,"column":31}}]},"10":{"loc":{"start":{"line":67,"column":17},"end":{"line":67,"column":40}},"type":"binary-expr","locations":[{"start":{"line":67,"column":17},"end":{"line":67,"column":33}},{"start":{"line":67,"column":37},"end":{"line":67,"column":40}}]},"11":{"loc":{"start":{"line":68,"column":14},"end":{"line":68,"column":35}},"type":"binary-expr","locations":[{"start":{"line":68,"column":14},"end":{"line":68,"column":24}},{"start":{"line":68,"column":28},"end":{"line":68,"column":35}}]},"12":{"loc":{"start":{"line":80,"column":8},"end":{"line":80,"column":31}},"type":"binary-expr","locations":[{"start":{"line":80,"column":8},"end":{"line":80,"column":25}},{"start":{"line":80,"column":29},"end":{"line":80,"column":31}}]},"13":{"loc":{"start":{"line":87,"column":17},"end":{"line":87,"column":40}},"type":"binary-expr","locations":[{"start":{"line":87,"column":17},"end":{"line":87,"column":33}},{"start":{"line":87,"column":37},"end":{"line":87,"column":40}}]},"14":{"loc":{"start":{"line":88,"column":14},"end":{"line":88,"column":35}},"type":"binary-expr","locations":[{"start":{"line":88,"column":14},"end":{"line":88,"column":24}},{"start":{"line":88,"column":28},"end":{"line":88,"column":35}}]}},"s":{"0":1,"1":1,"2":1,"3":1,"4":0,"5":0,"6":0,"7":0,"8":0,"9":0,"10":0,"11":0,"12":0,"13":0,"14":0,"15":0,"16":0,"17":0,"18":0,"19":0,"20":0,"21":1},"f":{"0":1,"1":0,"2":0,"3":0,"4":0},"b":{"0":[0,0],"1":[0,0],"2":[0,0],"3":[0,0],"4":[0,0],"5":[0,0],"6":[0,0],"7":[0,0],"8":[0,0],"9":[0,0],"10":[0,0],"11":[0,0],"12":[0,0],"13":[0,0],"14":[0,0]}}
,"/Users/rohitkarbari/Desktop/AZohad_Project/backend/src/controllers/doctor.controller.ts": {"path":"/Users/rohitkarbari/Desktop/AZohad_Project/backend/src/controllers/doctor.controller.ts","statementMap":{"0":{"start":{"line":3,"column":0},"end":{"line":3,"column":59}},"1":{"start":{"line":5,"column":0},"end":{"line":5,"column":38}},"2":{"start":{"line":6,"column":0},"end":{"line":6,"column":48}},"3":{"start":{"line":12,"column":4},"end":{"line":12,"column":50}},"4":{"start":{"line":16,"column":4},"end":{"line":31,"column":5}},"5":{"start":{"line":17,"column":21},"end":{"line":20,"column":null}},"6":{"start":{"line":22,"column":6},"end":{"line":25,"column":9}},"7":{"start":{"line":27,"column":6},"end":{"line":30,"column":9}},"8":{"start":{"line":35,"column":4},"end":{"line":52,"column":5}},"9":{"start":{"line":36,"column":6},"end":{"line":36,"column":43}},"10":{"start":{"line":37,"column":21},"end":{"line":41,"column":null}},"11":{"start":{"line":43,"column":6},"end":{"line":46,"column":9}},"12":{"start":{"line":48,"column":6},"end":{"line":51,"column":9}},"13":{"start":{"line":56,"column":4},"end":{"line":67,"column":5}},"14":{"start":{"line":57,"column":21},"end":{"line":57,"column":80}},"15":{"start":{"line":58,"column":6},"end":{"line":61,"column":9}},"16":{"start":{"line":63,"column":6},"end":{"line":66,"column":9}},"17":{"start":{"line":71,"column":4},"end":{"line":91,"column":5}},"18":{"start":{"line":72,"column":33},"end":{"line":72,"column":42}},"19":{"start":{"line":73,"column":6},"end":{"line":79,"column":7}},"20":{"start":{"line":74,"column":8},"end":{"line":77,"column":11}},"21":{"start":{"line":78,"column":8},"end":{"line":78,"column":15}},"22":{"start":{"line":81,"column":22},"end":{"line":81,"column":90}},"23":{"start":{"line":82,"column":6},"end":{"line":85,"column":9}},"24":{"start":{"line":87,"column":6},"end":{"line":90,"column":9}},"25":{"start":{"line":8,"column":0},"end":{"line":8,"column":13}}},"fnMap":{"0":{"name":"(anonymous_0)","decl":{"start":{"line":11,"column":2},"end":{"line":11,"column":14}},"loc":{"start":{"line":11,"column":25},"end":{"line":13,"column":3}}},"1":{"name":"(anonymous_1)","decl":{"start":{"line":15,"column":2},"end":{"line":15,"column":7}},"loc":{"start":{"line":15,"column":54},"end":{"line":32,"column":3}}},"2":{"name":"(anonymous_2)","decl":{"start":{"line":34,"column":2},"end":{"line":34,"column":7}},"loc":{"start":{"line":34,"column":51},"end":{"line":53,"column":3}}},"3":{"name":"(anonymous_3)","decl":{"start":{"line":55,"column":2},"end":{"line":55,"column":7}},"loc":{"start":{"line":55,"column":53},"end":{"line":68,"column":3}}},"4":{"name":"(anonymous_4)","decl":{"start":{"line":70,"column":2},"end":{"line":70,"column":7}},"loc":{"start":{"line":70,"column":67},"end":{"line":92,"column":3}}}},"branchMap":{"0":{"loc":{"start":{"line":19,"column":8},"end":{"line":19,"column":20}},"type":"binary-expr","locations":[{"start":{"line":19,"column":8},"end":{"line":19,"column":14}},{"start":{"line":19,"column":18},"end":{"line":19,"column":20}}]},"1":{"loc":{"start":{"line":20,"column":8},"end":{"line":20,"column":31}},"type":"binary-expr","locations":[{"start":{"line":20,"column":8},"end":{"line":20,"column":25}},{"start":{"line":20,"column":29},"end":{"line":20,"column":31}}]},"2":{"loc":{"start":{"line":27,"column":17},"end":{"line":27,"column":40}},"type":"binary-expr","locations":[{"start":{"line":27,"column":17},"end":{"line":27,"column":33}},{"start":{"line":27,"column":37},"end":{"line":27,"column":40}}]},"3":{"loc":{"start":{"line":28,"column":14},"end":{"line":28,"column":35}},"type":"binary-expr","locations":[{"start":{"line":28,"column":14},"end":{"line":28,"column":24}},{"start":{"line":28,"column":28},"end":{"line":28,"column":35}}]},"4":{"loc":{"start":{"line":40,"column":8},"end":{"line":40,"column":20}},"type":"binary-expr","locations":[{"start":{"line":40,"column":8},"end":{"line":40,"column":14}},{"start":{"line":40,"column":18},"end":{"line":40,"column":20}}]},"5":{"loc":{"start":{"line":41,"column":8},"end":{"line":41,"column":31}},"type":"binary-expr","locations":[{"start":{"line":41,"column":8},"end":{"line":41,"column":25}},{"start":{"line":41,"column":29},"end":{"line":41,"column":31}}]},"6":{"loc":{"start":{"line":48,"column":17},"end":{"line":48,"column":40}},"type":"binary-expr","locations":[{"start":{"line":48,"column":17},"end":{"line":48,"column":33}},{"start":{"line":48,"column":37},"end":{"line":48,"column":40}}]},"7":{"loc":{"start":{"line":49,"column":14},"end":{"line":49,"column":35}},"type":"binary-expr","locations":[{"start":{"line":49,"column":14},"end":{"line":49,"column":24}},{"start":{"line":49,"column":28},"end":{"line":49,"column":35}}]},"8":{"loc":{"start":{"line":63,"column":17},"end":{"line":63,"column":40}},"type":"binary-expr","locations":[{"start":{"line":63,"column":17},"end":{"line":63,"column":33}},{"start":{"line":63,"column":37},"end":{"line":63,"column":40}}]},"9":{"loc":{"start":{"line":64,"column":14},"end":{"line":64,"column":35}},"type":"binary-expr","locations":[{"start":{"line":64,"column":14},"end":{"line":64,"column":24}},{"start":{"line":64,"column":28},"end":{"line":64,"column":35}}]},"10":{"loc":{"start":{"line":73,"column":6},"end":{"line":79,"column":7}},"type":"if","locations":[{"start":{"line":73,"column":6},"end":{"line":79,"column":7}}]},"11":{"loc":{"start":{"line":73,"column":10},"end":{"line":73,"column":63}},"type":"binary-expr","locations":[{"start":{"line":73,"column":10},"end":{"line":73,"column":25}},{"start":{"line":73,"column":29},"end":{"line":73,"column":63}}]},"12":{"loc":{"start":{"line":87,"column":17},"end":{"line":87,"column":40}},"type":"binary-expr","locations":[{"start":{"line":87,"column":17},"end":{"line":87,"column":33}},{"start":{"line":87,"column":37},"end":{"line":87,"column":40}}]},"13":{"loc":{"start":{"line":88,"column":14},"end":{"line":88,"column":35}},"type":"binary-expr","locations":[{"start":{"line":88,"column":14},"end":{"line":88,"column":24}},{"start":{"line":88,"column":28},"end":{"line":88,"column":35}}]}},"s":{"0":1,"1":1,"2":1,"3":1,"4":0,"5":0,"6":0,"7":0,"8":0,"9":0,"10":0,"11":0,"12":0,"13":0,"14":0,"15":0,"16":0,"17":0,"18":0,"19":0,"20":0,"21":0,"22":0,"23":0,"24":0,"25":1},"f":{"0":1,"1":0,"2":0,"3":0,"4":0},"b":{"0":[0,0],"1":[0,0],"2":[0,0],"3":[0,0],"4":[0,0],"5":[0,0],"6":[0,0],"7":[0,0],"8":[0,0],"9":[0,0],"10":[0],"11":[0,0],"12":[0,0],"13":[0,0]}}
,"/Users/rohitkarbari/Desktop/AZohad_Project/backend/src/middleware/auth.ts": {"path":"/Users/rohitkarbari/Desktop/AZohad_Project/backend/src/middleware/auth.ts","statementMap":{"0":{"start":{"line":17,"column":0},"end":{"line":17,"column":16}},"1":{"start":{"line":24,"column":0},"end":{"line":24,"column":16}},"2":{"start":{"line":33,"column":0},"end":{"line":33,"column":7}},"3":{"start":{"line":37,"column":0},"end":{"line":37,"column":7}},"4":{"start":{"line":41,"column":0},"end":{"line":41,"column":16}},"5":{"start":{"line":62,"column":0},"end":{"line":62,"column":16}},"6":{"start":{"line":1,"column":0},"end":{"line":1,"column":31}},"7":{"start":{"line":2,"column":0},"end":{"line":2,"column":30}},"8":{"start":{"line":4,"column":0},"end":{"line":4,"column":36}},"9":{"start":{"line":18,"column":17},"end":{"line":18,"column":51}},"10":{"start":{"line":19,"column":2},"end":{"line":21,"column":12}},"11":{"start":{"line":25,"column":2},"end":{"line":30,"column":3}},"12":{"start":{"line":26,"column":19},"end":{"line":26,"column":53}},"13":{"start":{"line":27,"column":4},"end":{"line":27,"column":52}},"14":{"start":{"line":29,"column":4},"end":{"line":29,"column":48}},"15":{"start":{"line":34,"column":2},"end":{"line":34,"column":35}},"16":{"start":{"line":38,"column":2},"end":{"line":38,"column":40}},"17":{"start":{"line":42,"column":2},"end":{"line":59,"column":3}},"18":{"start":{"line":43,"column":19},"end":{"line":43,"column":67}},"19":{"start":{"line":45,"column":4},"end":{"line":48,"column":5}},"20":{"start":{"line":46,"column":6},"end":{"line":46,"column":95}},"21":{"start":{"line":47,"column":6},"end":{"line":47,"column":13}},"22":{"start":{"line":50,"column":17},"end":{"line":50,"column":35}},"23":{"start":{"line":51,"column":4},"end":{"line":51,"column":20}},"24":{"start":{"line":52,"column":4},"end":{"line":52,"column":11}},"25":{"start":{"line":54,"column":4},"end":{"line":57,"column":7}},"26":{"start":{"line":58,"column":4},"end":{"line":58,"column":93}},"27":{"start":{"line":63,"column":2},"end":{"line":81,"column":4}},"28":{"start":{"line":64,"column":4},"end":{"line":67,"column":5}},"29":{"start":{"line":65,"column":6},"end":{"line":65,"column":89}},"30":{"start":{"line":66,"column":6},"end":{"line":66,"column":13}},"31":{"start":{"line":69,"column":4},"end":{"line":78,"column":5}},"32":{"start":{"line":70,"column":6},"end":{"line":75,"column":9}},"33":{"start":{"line":76,"column":6},"end":{"line":76,"column":87}},"34":{"start":{"line":77,"column":6},"end":{"line":77,"column":13}},"35":{"start":{"line":80,"column":4},"end":{"line":80,"column":11}}},"fnMap":{"0":{"name":"generateToken","decl":{"start":{"line":17,"column":16},"end":{"line":17,"column":29}},"loc":{"start":{"line":17,"column":50},"end":{"line":22,"column":1}}},"1":{"name":"verifyToken","decl":{"start":{"line":24,"column":16},"end":{"line":24,"column":27}},"loc":{"start":{"line":24,"column":41},"end":{"line":31,"column":1}}},"2":{"name":"hashPassword","decl":{"start":{"line":33,"column":22},"end":{"line":33,"column":34}},"loc":{"start":{"line":33,"column":51},"end":{"line":35,"column":1}}},"3":{"name":"verifyPassword","decl":{"start":{"line":37,"column":22},"end":{"line":37,"column":36}},"loc":{"start":{"line":37,"column":67},"end":{"line":39,"column":1}}},"4":{"name":"authMiddleware","decl":{"start":{"line":41,"column":16},"end":{"line":41,"column":30}},"loc":{"start":{"line":41,"column":82},"end":{"line":60,"column":1}}},"5":{"name":"rbacMiddleware","decl":{"start":{"line":62,"column":16},"end":{"line":62,"column":30}},"loc":{"start":{"line":62,"column":69},"end":{"line":82,"column":1}}},"6":{"name":"(anonymous_7)","decl":{"start":{"line":63,"column":9},"end":{"line":63,"column":10}},"loc":{"start":{"line":63,"column":71},"end":{"line":81,"column":3}}}},"branchMap":{"0":{"loc":{"start":{"line":18,"column":17},"end":{"line":18,"column":51}},"type":"binary-expr","locations":[{"start":{"line":18,"column":17},"end":{"line":18,"column":39}},{"start":{"line":18,"column":43},"end":{"line":18,"column":51}}]},"1":{"loc":{"start":{"line":20,"column":15},"end":{"line":20,"column":46}},"type":"binary-expr","locations":[{"start":{"line":20,"column":15},"end":{"line":20,"column":37}},{"start":{"line":20,"column":41},"end":{"line":20,"column":46}}]},"2":{"loc":{"start":{"line":26,"column":19},"end":{"line":26,"column":53}},"type":"binary-expr","locations":[{"start":{"line":26,"column":19},"end":{"line":26,"column":41}},{"start":{"line":26,"column":45},"end":{"line":26,"column":53}}]},"3":{"loc":{"start":{"line":45,"column":4},"end":{"line":48,"column":5}},"type":"if","locations":[{"start":{"line":45,"column":4},"end":{"line":48,"column":5}}]},"4":{"loc":{"start":{"line":64,"column":4},"end":{"line":67,"column":5}},"type":"if","locations":[{"start":{"line":64,"column":4},"end":{"line":67,"column":5}}]},"5":{"loc":{"start":{"line":69,"column":4},"end":{"line":78,"column":5}},"type":"if","locations":[{"start":{"line":69,"column":4},"end":{"line":78,"column":5}}]}},"s":{"0":2,"1":2,"2":2,"3":2,"4":2,"5":2,"6":2,"7":2,"8":2,"9":0,"10":0,"11":0,"12":0,"13":0,"14":0,"15":0,"16":0,"17":0,"18":0,"19":0,"20":0,"21":0,"22":0,"23":0,"24":0,"25":0,"26":0,"27":4,"28":0,"29":0,"30":0,"31":0,"32":0,"33":0,"34":0,"35":0},"f":{"0":0,"1":0,"2":0,"3":0,"4":0,"5":4,"6":0},"b":{"0":[0,0],"1":[0,0],"2":[0,0],"3":[0],"4":[0],"5":[0]}}
,"/Users/rohitkarbari/Desktop/AZohad_Project/backend/src/repositories/appointment.repository.ts": {"path":"/Users/rohitkarbari/Desktop/AZohad_Project/backend/src/repositories/appointment.repository.ts","statementMap":{"0":{"start":{"line":5,"column":22},"end":{"line":5,"column":32}},"1":{"start":{"line":8,"column":21},"end":{"line":19,"column":21}},"2":{"start":{"line":21,"column":4},"end":{"line":21,"column":36}},"3":{"start":{"line":25,"column":19},"end":{"line":25,"column":72}},"4":{"start":{"line":26,"column":4},"end":{"line":26,"column":52}},"5":{"start":{"line":30,"column":20},"end":{"line":32,"column":37}},"6":{"start":{"line":33,"column":4},"end":{"line":33,"column":56}},"7":{"start":{"line":33,"column":35},"end":{"line":33,"column":54}},"8":{"start":{"line":37,"column":20},"end":{"line":39,"column":37}},"9":{"start":{"line":40,"column":4},"end":{"line":40,"column":56}},"10":{"start":{"line":40,"column":35},"end":{"line":40,"column":54}},"11":{"start":{"line":44,"column":20},"end":{"line":48,"column":19}},"12":{"start":{"line":49,"column":4},"end":{"line":49,"column":56}},"13":{"start":{"line":49,"column":35},"end":{"line":49,"column":54}},"14":{"start":{"line":53,"column":21},"end":{"line":59,"column":21}},"15":{"start":{"line":61,"column":4},"end":{"line":61,"column":52}},"16":{"start":{"line":65,"column":19},"end":{"line":65,"column":73}},"17":{"start":{"line":66,"column":4},"end":{"line":66,"column":22}},"18":{"start":{"line":70,"column":4},"end":{"line":82,"column":6}},"19":{"start":{"line":4,"column":0},"end":{"line":4,"column":13}}},"fnMap":{"0":{"name":"(anonymous_0)","decl":{"start":{"line":5,"column":2},"end":{"line":5,"column":22}},"loc":{"start":{"line":5,"column":32},"end":{"line":5,"column":36}}},"1":{"name":"(anonymous_1)","decl":{"start":{"line":7,"column":2},"end":{"line":7,"column":7}},"loc":{"start":{"line":7,"column":79},"end":{"line":22,"column":3}}},"2":{"name":"(anonymous_2)","decl":{"start":{"line":24,"column":2},"end":{"line":24,"column":7}},"loc":{"start":{"line":24,"column":27},"end":{"line":27,"column":3}}},"3":{"name":"(anonymous_3)","decl":{"start":{"line":29,"column":2},"end":{"line":29,"column":7}},"loc":{"start":{"line":29,"column":41},"end":{"line":34,"column":3}}},"4":{"name":"(anonymous_4)","decl":{"start":{"line":33,"column":23},"end":{"line":33,"column":24}},"loc":{"start":{"line":33,"column":35},"end":{"line":33,"column":54}}},"5":{"name":"(anonymous_5)","decl":{"start":{"line":36,"column":2},"end":{"line":36,"column":7}},"loc":{"start":{"line":36,"column":39},"end":{"line":41,"column":3}}},"6":{"name":"(anonymous_6)","decl":{"start":{"line":40,"column":23},"end":{"line":40,"column":24}},"loc":{"start":{"line":40,"column":35},"end":{"line":40,"column":54}}},"7":{"name":"(anonymous_7)","decl":{"start":{"line":43,"column":2},"end":{"line":43,"column":7}},"loc":{"start":{"line":43,"column":58},"end":{"line":50,"column":3}}},"8":{"name":"(anonymous_8)","decl":{"start":{"line":49,"column":23},"end":{"line":49,"column":24}},"loc":{"start":{"line":49,"column":35},"end":{"line":49,"column":54}}},"9":{"name":"(anonymous_9)","decl":{"start":{"line":52,"column":2},"end":{"line":52,"column":7}},"loc":{"start":{"line":52,"column":56},"end":{"line":62,"column":3}}},"10":{"name":"(anonymous_10)","decl":{"start":{"line":64,"column":2},"end":{"line":64,"column":7}},"loc":{"start":{"line":64,"column":25},"end":{"line":67,"column":3}}},"11":{"name":"(anonymous_11)","decl":{"start":{"line":69,"column":10},"end":{"line":69,"column":21}},"loc":{"start":{"line":69,"column":30},"end":{"line":83,"column":3}}}},"branchMap":{"0":{"loc":{"start":{"line":13,"column":16},"end":{"line":13,"column":49}},"type":"binary-expr","locations":[{"start":{"line":13,"column":16},"end":{"line":13,"column":34}},{"start":{"line":13,"column":38},"end":{"line":13,"column":49}}]},"1":{"loc":{"start":{"line":14,"column":26},"end":{"line":14,"column":59}},"type":"binary-expr","locations":[{"start":{"line":14,"column":26},"end":{"line":14,"column":53}},{"start":{"line":14,"column":57},"end":{"line":14,"column":59}}]},"2":{"loc":{"start":{"line":17,"column":26},"end":{"line":17,"column":68}},"type":"binary-expr","locations":[{"start":{"line":17,"column":26},"end":{"line":17,"column":53}},{"start":{"line":17,"column":57},"end":{"line":17,"column":68}}]},"3":{"loc":{"start":{"line":26,"column":11},"end":{"line":26,"column":51}},"type":"cond-expr","locations":[{"start":{"line":26,"column":20},"end":{"line":26,"column":44}},{"start":{"line":26,"column":47},"end":{"line":26,"column":51}}]},"4":{"loc":{"start":{"line":43,"column":40},"end":{"line":43,"column":58}},"type":"default-arg","locations":[{"start":{"line":43,"column":56},"end":{"line":43,"column":58}}]},"5":{"loc":{"start":{"line":61,"column":11},"end":{"line":61,"column":51}},"type":"cond-expr","locations":[{"start":{"line":61,"column":20},"end":{"line":61,"column":44}},{"start":{"line":61,"column":47},"end":{"line":61,"column":51}}]}},"s":{"0":1,"1":0,"2":0,"3":0,"4":0,"5":0,"6":0,"7":0,"8":0,"9":0,"10":0,"11":0,"12":0,"13":0,"14":0,"15":0,"16":0,"17":0,"18":0,"19":1},"f":{"0":1,"1":0,"2":0,"3":0,"4":0,"5":0,"6":0,"7":0,"8":0,"9":0,"10":0,"11":0},"b":{"0":[0,0],"1":[0,0],"2":[0,0],"3":[0,0],"4":[0],"5":[0,0]}}
,"/Users/rohitkarbari/Desktop/AZohad_Project/backend/src/repositories/audit-log.repository.ts": {"path":"/Users/rohitkarbari/Desktop/AZohad_Project/backend/src/repositories/audit-log.repository.ts","statementMap":{"0":{"start":{"line":5,"column":22},"end":{"line":5,"column":32}},"1":{"start":{"line":8,"column":21},"end":{"line":22,"column":21}},"2":{"start":{"line":24,"column":4},"end":{"line":24,"column":36}},"3":{"start":{"line":28,"column":19},"end":{"line":28,"column":74}},"4":{"start":{"line":29,"column":4},"end":{"line":29,"column":52}},"5":{"start":{"line":33,"column":19},"end":{"line":35,"column":14}},"6":{"start":{"line":36,"column":4},"end":{"line":36,"column":52}},"7":{"start":{"line":40,"column":20},"end":{"line":42,"column":36}},"8":{"start":{"line":43,"column":4},"end":{"line":43,"column":56}},"9":{"start":{"line":43,"column":35},"end":{"line":43,"column":54}},"10":{"start":{"line":47,"column":21},"end":{"line":59,"column":21}},"11":{"start":{"line":61,"column":4},"end":{"line":61,"column":52}},"12":{"start":{"line":65,"column":19},"end":{"line":65,"column":75}},"13":{"start":{"line":66,"column":4},"end":{"line":66,"column":22}},"14":{"start":{"line":70,"column":4},"end":{"line":85,"column":6}},"15":{"start":{"line":4,"column":0},"end":{"line":4,"column":13}}},"fnMap":{"0":{"name":"(anonymous_0)","decl":{"start":{"line":5,"column":2},"end":{"line":5,"column":22}},"loc":{"start":{"line":5,"column":32},"end":{"line":5,"column":36}}},"1":{"name":"(anonymous_1)","decl":{"start":{"line":7,"column":2},"end":{"line":7,"column":7}},"loc":{"start":{"line":7,"column":73},"end":{"line":25,"column":3}}},"2":{"name":"(anonymous_2)","decl":{"start":{"line":27,"column":2},"end":{"line":27,"column":7}},"loc":{"start":{"line":27,"column":27},"end":{"line":30,"column":3}}},"3":{"name":"(anonymous_3)","decl":{"start":{"line":32,"column":2},"end":{"line":32,"column":7}},"loc":{"start":{"line":32,"column":49},"end":{"line":37,"column":3}}},"4":{"name":"(anonymous_4)","decl":{"start":{"line":39,"column":2},"end":{"line":39,"column":7}},"loc":{"start":{"line":39,"column":41},"end":{"line":44,"column":3}}},"5":{"name":"(anonymous_5)","decl":{"start":{"line":43,"column":23},"end":{"line":43,"column":24}},"loc":{"start":{"line":43,"column":35},"end":{"line":43,"column":54}}},"6":{"name":"(anonymous_6)","decl":{"start":{"line":46,"column":2},"end":{"line":46,"column":7}},"loc":{"start":{"line":46,"column":57},"end":{"line":62,"column":3}}},"7":{"name":"(anonymous_7)","decl":{"start":{"line":64,"column":2},"end":{"line":64,"column":7}},"loc":{"start":{"line":64,"column":25},"end":{"line":67,"column":3}}},"8":{"name":"(anonymous_8)","decl":{"start":{"line":69,"column":10},"end":{"line":69,"column":21}},"loc":{"start":{"line":69,"column":30},"end":{"line":86,"column":3}}}},"branchMap":{"0":{"loc":{"start":{"line":20,"column":16},"end":{"line":20,"column":38}},"type":"binary-expr","locations":[{"start":{"line":20,"column":16},"end":{"line":20,"column":27}},{"start":{"line":20,"column":31},"end":{"line":20,"column":38}}]},"1":{"loc":{"start":{"line":29,"column":11},"end":{"line":29,"column":51}},"type":"cond-expr","locations":[{"start":{"line":29,"column":20},"end":{"line":29,"column":44}},{"start":{"line":29,"column":47},"end":{"line":29,"column":51}}]},"2":{"loc":{"start":{"line":36,"column":11},"end":{"line":36,"column":51}},"type":"cond-expr","locations":[{"start":{"line":36,"column":20},"end":{"line":36,"column":44}},{"start":{"line":36,"column":47},"end":{"line":36,"column":51}}]},"3":{"loc":{"start":{"line":61,"column":11},"end":{"line":61,"column":51}},"type":"cond-expr","locations":[{"start":{"line":61,"column":20},"end":{"line":61,"column":44}},{"start":{"line":61,"column":47},"end":{"line":61,"column":51}}]}},"s":{"0":1,"1":0,"2":0,"3":0,"4":0,"5":0,"6":0,"7":0,"8":0,"9":0,"10":0,"11":0,"12":0,"13":0,"14":0,"15":1},"f":{"0":1,"1":0,"2":0,"3":0,"4":0,"5":0,"6":0,"7":0,"8":0},"b":{"0":[0,0],"1":[0,0],"2":[0,0],"3":[0,0]}}
,"/Users/rohitkarbari/Desktop/AZohad_Project/backend/src/repositories/doctor.repository.ts": {"path":"/Users/rohitkarbari/Desktop/AZohad_Project/backend/src/repositories/doctor.repository.ts","statementMap":{"0":{"start":{"line":5,"column":22},"end":{"line":5,"column":32}},"1":{"start":{"line":8,"column":21},"end":{"line":21,"column":21}},"2":{"start":{"line":23,"column":4},"end":{"line":23,"column":36}},"3":{"start":{"line":27,"column":19},"end":{"line":27,"column":67}},"4":{"start":{"line":28,"column":4},"end":{"line":28,"column":52}},"5":{"start":{"line":32,"column":19},"end":{"line":32,"column":70}},"6":{"start":{"line":33,"column":4},"end":{"line":33,"column":52}},"7":{"start":{"line":37,"column":20},"end":{"line":37,"column":72}},"8":{"start":{"line":38,"column":4},"end":{"line":38,"column":56}},"9":{"start":{"line":38,"column":35},"end":{"line":38,"column":54}},"10":{"start":{"line":42,"column":20},"end":{"line":42,"column":55}},"11":{"start":{"line":43,"column":4},"end":{"line":43,"column":56}},"12":{"start":{"line":43,"column":35},"end":{"line":43,"column":54}},"13":{"start":{"line":47,"column":21},"end":{"line":57,"column":21}},"14":{"start":{"line":59,"column":4},"end":{"line":59,"column":52}},"15":{"start":{"line":63,"column":19},"end":{"line":63,"column":68}},"16":{"start":{"line":64,"column":4},"end":{"line":64,"column":22}},"17":{"start":{"line":68,"column":4},"end":{"line":82,"column":6}},"18":{"start":{"line":4,"column":0},"end":{"line":4,"column":13}}},"fnMap":{"0":{"name":"(anonymous_0)","decl":{"start":{"line":5,"column":2},"end":{"line":5,"column":22}},"loc":{"start":{"line":5,"column":32},"end":{"line":5,"column":36}}},"1":{"name":"(anonymous_1)","decl":{"start":{"line":7,"column":2},"end":{"line":7,"column":7}},"loc":{"start":{"line":7,"column":69},"end":{"line":24,"column":3}}},"2":{"name":"(anonymous_2)","decl":{"start":{"line":26,"column":2},"end":{"line":26,"column":7}},"loc":{"start":{"line":26,"column":27},"end":{"line":29,"column":3}}},"3":{"name":"(anonymous_3)","decl":{"start":{"line":31,"column":2},"end":{"line":31,"column":7}},"loc":{"start":{"line":31,"column":33},"end":{"line":34,"column":3}}},"4":{"name":"(anonymous_4)","decl":{"start":{"line":36,"column":2},"end":{"line":36,"column":7}},"loc":{"start":{"line":36,"column":51},"end":{"line":39,"column":3}}},"5":{"name":"(anonymous_5)","decl":{"start":{"line":38,"column":23},"end":{"line":38,"column":24}},"loc":{"start":{"line":38,"column":35},"end":{"line":38,"column":54}}},"6":{"name":"(anonymous_6)","decl":{"start":{"line":41,"column":2},"end":{"line":41,"column":7}},"loc":{"start":{"line":41,"column":15},"end":{"line":44,"column":3}}},"7":{"name":"(anonymous_7)","decl":{"start":{"line":43,"column":23},"end":{"line":43,"column":24}},"loc":{"start":{"line":43,"column":35},"end":{"line":43,"column":54}}},"8":{"name":"(anonymous_8)","decl":{"start":{"line":46,"column":2},"end":{"line":46,"column":7}},"loc":{"start":{"line":46,"column":51},"end":{"line":60,"column":3}}},"9":{"name":"(anonymous_9)","decl":{"start":{"line":62,"column":2},"end":{"line":62,"column":7}},"loc":{"start":{"line":62,"column":25},"end":{"line":65,"column":3}}},"10":{"name":"(anonymous_10)","decl":{"start":{"line":67,"column":10},"end":{"line":67,"column":21}},"loc":{"start":{"line":67,"column":30},"end":{"line":83,"column":3}}}},"branchMap":{"0":{"loc":{"start":{"line":28,"column":11},"end":{"line":28,"column":51}},"type":"cond-expr","locations":[{"start":{"line":28,"column":20},"end":{"line":28,"column":44}},{"start":{"line":28,"column":47},"end":{"line":28,"column":51}}]},"1":{"loc":{"start":{"line":33,"column":11},"end":{"line":33,"column":51}},"type":"cond-expr","locations":[{"start":{"line":33,"column":20},"end":{"line":33,"column":44}},{"start":{"line":33,"column":47},"end":{"line":33,"column":51}}]},"2":{"loc":{"start":{"line":59,"column":11},"end":{"line":59,"column":51}},"type":"cond-expr","locations":[{"start":{"line":59,"column":20},"end":{"line":59,"column":44}},{"start":{"line":59,"column":47},"end":{"line":59,"column":51}}]}},"s":{"0":2,"1":0,"2":0,"3":0,"4":0,"5":0,"6":0,"7":0,"8":0,"9":0,"10":0,"11":0,"12":0,"13":0,"14":0,"15":0,"16":0,"17":0,"18":1},"f":{"0":2,"1":0,"2":0,"3":0,"4":0,"5":0,"6":0,"7":0,"8":0,"9":0,"10":0},"b":{"0":[0,0],"1":[0,0],"2":[0,0]}}
,"/Users/rohitkarbari/Desktop/AZohad_Project/backend/src/repositories/patient.repository.ts": {"path":"/Users/rohitkarbari/Desktop/AZohad_Project/backend/src/repositories/patient.repository.ts","statementMap":{"0":{"start":{"line":5,"column":22},"end":{"line":5,"column":32}},"1":{"start":{"line":8,"column":21},"end":{"line":24,"column":21}},"2":{"start":{"line":26,"column":4},"end":{"line":26,"column":36}},"3":{"start":{"line":30,"column":19},"end":{"line":30,"column":68}},"4":{"start":{"line":31,"column":4},"end":{"line":31,"column":52}},"5":{"start":{"line":35,"column":19},"end":{"line":35,"column":71}},"6":{"start":{"line":36,"column":4},"end":{"line":36,"column":52}},"7":{"start":{"line":40,"column":20},"end":{"line":40,"column":56}},"8":{"start":{"line":41,"column":4},"end":{"line":41,"column":56}},"9":{"start":{"line":41,"column":35},"end":{"line":41,"column":54}},"10":{"start":{"line":45,"column":21},"end":{"line":58,"column":21}},"11":{"start":{"line":60,"column":4},"end":{"line":60,"column":52}},"12":{"start":{"line":64,"column":19},"end":{"line":64,"column":69}},"13":{"start":{"line":65,"column":4},"end":{"line":65,"column":22}},"14":{"start":{"line":69,"column":4},"end":{"line":86,"column":6}},"15":{"start":{"line":4,"column":0},"end":{"line":4,"column":13}}},"fnMap":{"0":{"name":"(anonymous_0)","decl":{"start":{"line":5,"column":2},"end":{"line":5,"column":22}},"loc":{"start":{"line":5,"column":32},"end":{"line":5,"column":36}}},"1":{"name":"(anonymous_1)","decl":{"start":{"line":7,"column":2},"end":{"line":7,"column":7}},"loc":{"start":{"line":7,"column":71},"end":{"line":27,"column":3}}},"2":{"name":"(anonymous_2)","decl":{"start":{"line":29,"column":2},"end":{"line":29,"column":7}},"loc":{"start":{"line":29,"column":27},"end":{"line":32,"column":3}}},"3":{"name":"(anonymous_3)","decl":{"start":{"line":34,"column":2},"end":{"line":34,"column":7}},"loc":{"start":{"line":34,"column":33},"end":{"line":37,"column":3}}},"4":{"name":"(anonymous_4)","decl":{"start":{"line":39,"column":2},"end":{"line":39,"column":7}},"loc":{"start":{"line":39,"column":15},"end":{"line":42,"column":3}}},"5":{"name":"(anonymous_5)","decl":{"start":{"line":41,"column":23},"end":{"line":41,"column":24}},"loc":{"start":{"line":41,"column":35},"end":{"line":41,"column":54}}},"6":{"name":"(anonymous_6)","decl":{"start":{"line":44,"column":2},"end":{"line":44,"column":7}},"loc":{"start":{"line":44,"column":52},"end":{"line":61,"column":3}}},"7":{"name":"(anonymous_7)","decl":{"start":{"line":63,"column":2},"end":{"line":63,"column":7}},"loc":{"start":{"line":63,"column":25},"end":{"line":66,"column":3}}},"8":{"name":"(anonymous_8)","decl":{"start":{"line":68,"column":10},"end":{"line":68,"column":21}},"loc":{"start":{"line":68,"column":30},"end":{"line":87,"column":3}}}},"branchMap":{"0":{"loc":{"start":{"line":31,"column":11},"end":{"line":31,"column":51}},"type":"cond-expr","locations":[{"start":{"line":31,"column":20},"end":{"line":31,"column":44}},{"start":{"line":31,"column":47},"end":{"line":31,"column":51}}]},"1":{"loc":{"start":{"line":36,"column":11},"end":{"line":36,"column":51}},"type":"cond-expr","locations":[{"start":{"line":36,"column":20},"end":{"line":36,"column":44}},{"start":{"line":36,"column":47},"end":{"line":36,"column":51}}]},"2":{"loc":{"start":{"line":60,"column":11},"end":{"line":60,"column":51}},"type":"cond-expr","locations":[{"start":{"line":60,"column":20},"end":{"line":60,"column":44}},{"start":{"line":60,"column":47},"end":{"line":60,"column":51}}]}},"s":{"0":2,"1":0,"2":0,"3":0,"4":0,"5":0,"6":0,"7":0,"8":0,"9":0,"10":0,"11":0,"12":0,"13":0,"14":0,"15":3},"f":{"0":2,"1":0,"2":0,"3":0,"4":0,"5":0,"6":0,"7":0,"8":0},"b":{"0":[0,0],"1":[0,0],"2":[0,0]}}
,"/Users/rohitkarbari/Desktop/AZohad_Project/backend/src/services/appointment.service.ts": {"path":"/Users/rohitkarbari/Desktop/AZohad_Project/backend/src/services/appointment.service.ts","statementMap":{"0":{"start":{"line":2,"column":0},"end":{"line":2,"column":79}},"1":{"start":{"line":3,"column":0},"end":{"line":3,"column":71}},"2":{"start":{"line":4,"column":0},"end":{"line":4,"column":69}},"3":{"start":{"line":6,"column":0},"end":{"line":6,"column":43}},"4":{"start":{"line":7,"column":0},"end":{"line":7,"column":52}},"5":{"start":{"line":8,"column":0},"end":{"line":8,"column":36}},"6":{"start":{"line":17,"column":4},"end":{"line":17,"column":60}},"7":{"start":{"line":18,"column":4},"end":{"line":18,"column":52}},"8":{"start":{"line":19,"column":4},"end":{"line":19,"column":50}},"9":{"start":{"line":20,"column":4},"end":{"line":20,"column":46}},"10":{"start":{"line":31,"column":4},"end":{"line":33,"column":5}},"11":{"start":{"line":32,"column":6},"end":{"line":32,"column":88}},"12":{"start":{"line":36,"column":20},"end":{"line":36,"column":67}},"13":{"start":{"line":37,"column":4},"end":{"line":39,"column":5}},"14":{"start":{"line":38,"column":6},"end":{"line":38,"column":64}},"15":{"start":{"line":42,"column":19},"end":{"line":42,"column":64}},"16":{"start":{"line":43,"column":4},"end":{"line":45,"column":5}},"17":{"start":{"line":44,"column":6},"end":{"line":44,"column":63}},"18":{"start":{"line":48,"column":4},"end":{"line":50,"column":5}},"19":{"start":{"line":49,"column":6},"end":{"line":49,"column":95}},"20":{"start":{"line":52,"column":24},"end":{"line":61,"column":6}},"21":{"start":{"line":63,"column":4},"end":{"line":75,"column":6}},"22":{"start":{"line":77,"column":4},"end":{"line":81,"column":7}},"23":{"start":{"line":83,"column":4},"end":{"line":92,"column":6}},"24":{"start":{"line":101,"column":4},"end":{"line":103,"column":5}},"25":{"start":{"line":102,"column":6},"end":{"line":102,"column":82}},"26":{"start":{"line":105,"column":25},"end":{"line":105,"column":79}},"27":{"start":{"line":107,"column":4},"end":{"line":119,"column":6}},"28":{"start":{"line":121,"column":4},"end":{"line":130,"column":8}},"29":{"start":{"line":121,"column":38},"end":{"line":130,"column":6}},"30":{"start":{"line":139,"column":24},"end":{"line":139,"column":74}},"31":{"start":{"line":140,"column":4},"end":{"line":142,"column":5}},"32":{"start":{"line":141,"column":6},"end":{"line":141,"column":68}},"33":{"start":{"line":145,"column":4},"end":{"line":147,"column":5}},"34":{"start":{"line":146,"column":6},"end":{"line":146,"column":84}},"35":{"start":{"line":148,"column":4},"end":{"line":150,"column":5}},"36":{"start":{"line":149,"column":6},"end":{"line":149,"column":84}},"37":{"start":{"line":152,"column":4},"end":{"line":155,"column":7}},"38":{"start":{"line":157,"column":4},"end":{"line":169,"column":6}},"39":{"start":{"line":171,"column":4},"end":{"line":171,"column":60}},"40":{"start":{"line":10,"column":0},"end":{"line":10,"column":13}}},"fnMap":{"0":{"name":"(anonymous_0)","decl":{"start":{"line":16,"column":2},"end":{"line":16,"column":14}},"loc":{"start":{"line":16,"column":25},"end":{"line":21,"column":3}}},"1":{"name":"(anonymous_1)","decl":{"start":{"line":23,"column":2},"end":{"line":23,"column":7}},"loc":{"start":{"line":28,"column":25},"end":{"line":93,"column":3}}},"2":{"name":"(anonymous_2)","decl":{"start":{"line":95,"column":2},"end":{"line":95,"column":7}},"loc":{"start":{"line":98,"column":25},"end":{"line":131,"column":3}}},"3":{"name":"(anonymous_3)","decl":{"start":{"line":121,"column":28},"end":{"line":121,"column":29}},"loc":{"start":{"line":121,"column":38},"end":{"line":130,"column":6}}},"4":{"name":"(anonymous_4)","decl":{"start":{"line":133,"column":2},"end":{"line":133,"column":7}},"loc":{"start":{"line":137,"column":25},"end":{"line":172,"column":3}}}},"branchMap":{"0":{"loc":{"start":{"line":31,"column":4},"end":{"line":33,"column":5}},"type":"if","locations":[{"start":{"line":31,"column":4},"end":{"line":33,"column":5}}]},"1":{"loc":{"start":{"line":31,"column":8},"end":{"line":31,"column":59}},"type":"binary-expr","locations":[{"start":{"line":31,"column":8},"end":{"line":31,"column":30}},{"start":{"line":31,"column":34},"end":{"line":31,"column":59}}]},"2":{"loc":{"start":{"line":37,"column":4},"end":{"line":39,"column":5}},"type":"if","locations":[{"start":{"line":37,"column":4},"end":{"line":39,"column":5}}]},"3":{"loc":{"start":{"line":43,"column":4},"end":{"line":45,"column":5}},"type":"if","locations":[{"start":{"line":43,"column":4},"end":{"line":45,"column":5}}]},"4":{"loc":{"start":{"line":48,"column":4},"end":{"line":50,"column":5}},"type":"if","locations":[{"start":{"line":48,"column":4},"end":{"line":50,"column":5}}]},"5":{"loc":{"start":{"line":56,"column":23},"end":{"line":56,"column":49}},"type":"binary-expr","locations":[{"start":{"line":56,"column":23},"end":{"line":56,"column":43}},{"start":{"line":56,"column":47},"end":{"line":56,"column":49}}]},"6":{"loc":{"start":{"line":58,"column":24},"end":{"line":58,"column":59}},"type":"binary-expr","locations":[{"start":{"line":58,"column":24},"end":{"line":58,"column":44}},{"start":{"line":58,"column":48},"end":{"line":58,"column":59}}]},"7":{"loc":{"start":{"line":101,"column":4},"end":{"line":103,"column":5}},"type":"if","locations":[{"start":{"line":101,"column":4},"end":{"line":103,"column":5}}]},"8":{"loc":{"start":{"line":140,"column":4},"end":{"line":142,"column":5}},"type":"if","locations":[{"start":{"line":140,"column":4},"end":{"line":142,"column":5}}]},"9":{"loc":{"start":{"line":145,"column":4},"end":{"line":147,"column":5}},"type":"if","locations":[{"start":{"line":145,"column":4},"end":{"line":147,"column":5}}]},"10":{"loc":{"start":{"line":145,"column":8},"end":{"line":145,"column":66}},"type":"binary-expr","locations":[{"start":{"line":145,"column":8},"end":{"line":145,"column":30}},{"start":{"line":145,"column":34},"end":{"line":145,"column":66}}]},"11":{"loc":{"start":{"line":148,"column":4},"end":{"line":150,"column":5}},"type":"if","locations":[{"start":{"line":148,"column":4},"end":{"line":150,"column":5}}]},"12":{"loc":{"start":{"line":148,"column":8},"end":{"line":148,"column":64}},"type":"binary-expr","locations":[{"start":{"line":148,"column":8},"end":{"line":148,"column":29}},{"start":{"line":148,"column":33},"end":{"line":148,"column":64}}]}},"s":{"0":1,"1":1,"2":1,"3":1,"4":1,"5":1,"6":1,"7":1,"8":1,"9":1,"10":0,"11":0,"12":0,"13":0,"14":0,"15":0,"16":0,"17":0,"18":0,"19":0,"20":0,"21":0,"22":0,"23":0,"24":0,"25":0,"26":0,"27":0,"28":0,"29":0,"30":0,"31":0,"32":0,"33":0,"34":0,"35":0,"36":0,"37":0,"38":0,"39":0,"40":1},"f":{"0":1,"1":0,"2":0,"3":0,"4":0},"b":{"0":[0],"1":[0,0],"2":[0],"3":[0],"4":[0],"5":[0,0],"6":[0,0],"7":[0],"8":[0],"9":[0],"10":[0,0],"11":[0],"12":[0,0]}}
,"/Users/rohitkarbari/Desktop/AZohad_Project/backend/src/services/auth.service.ts": {"path":"/Users/rohitkarbari/Desktop/AZohad_Project/backend/src/services/auth.service.ts","statementMap":{"0":{"start":{"line":2,"column":0},"end":{"line":2,"column":71}},"1":{"start":{"line":3,"column":0},"end":{"line":3,"column":64}},"2":{"start":{"line":4,"column":0},"end":{"line":4,"column":81}},"3":{"start":{"line":5,"column":0},"end":{"line":5,"column":58}},"4":{"start":{"line":6,"column":0},"end":{"line":6,"column":52}},"5":{"start":{"line":7,"column":0},"end":{"line":7,"column":36}},"6":{"start":{"line":14,"column":4},"end":{"line":14,"column":52}},"7":{"start":{"line":15,"column":4},"end":{"line":15,"column":46}},"8":{"start":{"line":23,"column":4},"end":{"line":23,"column":51}},"9":{"start":{"line":25,"column":21},"end":{"line":25,"column":67}},"10":{"start":{"line":26,"column":4},"end":{"line":41,"column":5}},"11":{"start":{"line":27,"column":6},"end":{"line":39,"column":8}},"12":{"start":{"line":40,"column":6},"end":{"line":40,"column":74}},"13":{"start":{"line":43,"column":25},"end":{"line":43,"column":59}},"14":{"start":{"line":44,"column":20},"end":{"line":58,"column":6}},"15":{"start":{"line":60,"column":18},"end":{"line":64,"column":6}},"16":{"start":{"line":66,"column":4},"end":{"line":78,"column":6}},"17":{"start":{"line":80,"column":4},"end":{"line":80,"column":87}},"18":{"start":{"line":82,"column":4},"end":{"line":90,"column":6}},"19":{"start":{"line":99,"column":20},"end":{"line":99,"column":61}},"20":{"start":{"line":100,"column":4},"end":{"line":115,"column":5}},"21":{"start":{"line":101,"column":6},"end":{"line":113,"column":8}},"22":{"start":{"line":114,"column":6},"end":{"line":114,"column":82}},"23":{"start":{"line":117,"column":20},"end":{"line":117,"column":72}},"24":{"start":{"line":118,"column":4},"end":{"line":133,"column":5}},"25":{"start":{"line":119,"column":6},"end":{"line":131,"column":8}},"26":{"start":{"line":132,"column":6},"end":{"line":132,"column":82}},"27":{"start":{"line":135,"column":18},"end":{"line":139,"column":6}},"28":{"start":{"line":141,"column":4},"end":{"line":153,"column":6}},"29":{"start":{"line":155,"column":4},"end":{"line":155,"column":64}},"30":{"start":{"line":157,"column":4},"end":{"line":165,"column":6}},"31":{"start":{"line":9,"column":0},"end":{"line":9,"column":13}}},"fnMap":{"0":{"name":"(anonymous_0)","decl":{"start":{"line":13,"column":2},"end":{"line":13,"column":14}},"loc":{"start":{"line":13,"column":25},"end":{"line":16,"column":3}}},"1":{"name":"(anonymous_1)","decl":{"start":{"line":18,"column":2},"end":{"line":18,"column":7}},"loc":{"start":{"line":21,"column":25},"end":{"line":91,"column":3}}},"2":{"name":"(anonymous_2)","decl":{"start":{"line":93,"column":2},"end":{"line":93,"column":7}},"loc":{"start":{"line":97,"column":25},"end":{"line":166,"column":3}}}},"branchMap":{"0":{"loc":{"start":{"line":26,"column":4},"end":{"line":41,"column":5}},"type":"if","locations":[{"start":{"line":26,"column":4},"end":{"line":41,"column":5}}]},"1":{"loc":{"start":{"line":100,"column":4},"end":{"line":115,"column":5}},"type":"if","locations":[{"start":{"line":100,"column":4},"end":{"line":115,"column":5}}]},"2":{"loc":{"start":{"line":118,"column":4},"end":{"line":133,"column":5}},"type":"if","locations":[{"start":{"line":118,"column":4},"end":{"line":133,"column":5}}]}},"s":{"0":2,"1":2,"2":2,"3":2,"4":2,"5":2,"6":1,"7":1,"8":0,"9":0,"10":0,"11":0,"12":0,"13":0,"14":0,"15":0,"16":0,"17":0,"18":0,"19":0,"20":0,"21":0,"22":0,"23":0,"24":0,"25":0,"26":0,"27":0,"28":0,"29":0,"30":0,"31":2},"f":{"0":1,"1":0,"2":0},"b":{"0":[0],"1":[0],"2":[0]}}
,"/Users/rohitkarbari/Desktop/AZohad_Project/backend/src/services/doctor-note.service.ts": {"path":"/Users/rohitkarbari/Desktop/AZohad_Project/backend/src/services/doctor-note.service.ts","statementMap":{"0":{"start":{"line":2,"column":0},"end":{"line":2,"column":78}},"1":{"start":{"line":3,"column":0},"end":{"line":3,"column":62}},"2":{"start":{"line":4,"column":0},"end":{"line":4,"column":58}},"3":{"start":{"line":5,"column":0},"end":{"line":5,"column":52}},"4":{"start":{"line":6,"column":0},"end":{"line":6,"column":36}},"5":{"start":{"line":13,"column":4},"end":{"line":13,"column":54}},"6":{"start":{"line":14,"column":4},"end":{"line":14,"column":46}},"7":{"start":{"line":23,"column":4},"end":{"line":23,"column":44}},"8":{"start":{"line":26,"column":17},"end":{"line":38,"column":6}},"9":{"start":{"line":40,"column":4},"end":{"line":52,"column":6}},"10":{"start":{"line":54,"column":4},"end":{"line":58,"column":7}},"11":{"start":{"line":60,"column":4},"end":{"line":66,"column":6}},"12":{"start":{"line":76,"column":17},"end":{"line":76,"column":53}},"13":{"start":{"line":77,"column":4},"end":{"line":79,"column":5}},"14":{"start":{"line":78,"column":6},"end":{"line":78,"column":70}},"15":{"start":{"line":82,"column":4},"end":{"line":84,"column":5}},"16":{"start":{"line":83,"column":6},"end":{"line":83,"column":77}},"17":{"start":{"line":87,"column":4},"end":{"line":89,"column":5}},"18":{"start":{"line":88,"column":6},"end":{"line":88,"column":90}},"19":{"start":{"line":91,"column":20},"end":{"line":95,"column":6}},"20":{"start":{"line":97,"column":4},"end":{"line":99,"column":5}},"21":{"start":{"line":98,"column":6},"end":{"line":98,"column":81}},"22":{"start":{"line":101,"column":4},"end":{"line":113,"column":6}},"23":{"start":{"line":115,"column":4},"end":{"line":115,"column":53}},"24":{"start":{"line":117,"column":4},"end":{"line":123,"column":6}},"25":{"start":{"line":132,"column":17},"end":{"line":132,"column":53}},"26":{"start":{"line":133,"column":4},"end":{"line":135,"column":5}},"27":{"start":{"line":134,"column":6},"end":{"line":134,"column":70}},"28":{"start":{"line":137,"column":4},"end":{"line":139,"column":5}},"29":{"start":{"line":138,"column":6},"end":{"line":138,"column":79}},"30":{"start":{"line":141,"column":4},"end":{"line":143,"column":5}},"31":{"start":{"line":142,"column":6},"end":{"line":142,"column":84}},"32":{"start":{"line":145,"column":4},"end":{"line":148,"column":7}},"33":{"start":{"line":150,"column":4},"end":{"line":162,"column":6}},"34":{"start":{"line":164,"column":4},"end":{"line":164,"column":55}},"35":{"start":{"line":173,"column":17},"end":{"line":173,"column":71}},"36":{"start":{"line":175,"column":4},"end":{"line":177,"column":5}},"37":{"start":{"line":176,"column":6},"end":{"line":176,"column":18}},"38":{"start":{"line":180,"column":4},"end":{"line":182,"column":5}},"39":{"start":{"line":181,"column":6},"end":{"line":181,"column":85}},"40":{"start":{"line":184,"column":4},"end":{"line":186,"column":5}},"41":{"start":{"line":185,"column":6},"end":{"line":185,"column":75}},"42":{"start":{"line":188,"column":4},"end":{"line":200,"column":6}},"43":{"start":{"line":202,"column":4},"end":{"line":215,"column":6}},"44":{"start":{"line":8,"column":0},"end":{"line":8,"column":13}}},"fnMap":{"0":{"name":"(anonymous_0)","decl":{"start":{"line":12,"column":2},"end":{"line":12,"column":14}},"loc":{"start":{"line":12,"column":25},"end":{"line":15,"column":3}}},"1":{"name":"(anonymous_1)","decl":{"start":{"line":17,"column":2},"end":{"line":17,"column":7}},"loc":{"start":{"line":21,"column":25},"end":{"line":67,"column":3}}},"2":{"name":"(anonymous_2)","decl":{"start":{"line":69,"column":2},"end":{"line":69,"column":7}},"loc":{"start":{"line":74,"column":25},"end":{"line":124,"column":3}}},"3":{"name":"(anonymous_3)","decl":{"start":{"line":126,"column":2},"end":{"line":126,"column":7}},"loc":{"start":{"line":130,"column":25},"end":{"line":165,"column":3}}},"4":{"name":"(anonymous_4)","decl":{"start":{"line":167,"column":2},"end":{"line":167,"column":7}},"loc":{"start":{"line":171,"column":25},"end":{"line":216,"column":3}}}},"branchMap":{"0":{"loc":{"start":{"line":77,"column":4},"end":{"line":79,"column":5}},"type":"if","locations":[{"start":{"line":77,"column":4},"end":{"line":79,"column":5}}]},"1":{"loc":{"start":{"line":82,"column":4},"end":{"line":84,"column":5}},"type":"if","locations":[{"start":{"line":82,"column":4},"end":{"line":84,"column":5}}]},"2":{"loc":{"start":{"line":87,"column":4},"end":{"line":89,"column":5}},"type":"if","locations":[{"start":{"line":87,"column":4},"end":{"line":89,"column":5}}]},"3":{"loc":{"start":{"line":94,"column":15},"end":{"line":94,"column":44}},"type":"binary-expr","locations":[{"start":{"line":94,"column":15},"end":{"line":94,"column":29}},{"start":{"line":94,"column":33},"end":{"line":94,"column":44}}]},"4":{"loc":{"start":{"line":97,"column":4},"end":{"line":99,"column":5}},"type":"if","locations":[{"start":{"line":97,"column":4},"end":{"line":99,"column":5}}]},"5":{"loc":{"start":{"line":133,"column":4},"end":{"line":135,"column":5}},"type":"if","locations":[{"start":{"line":133,"column":4},"end":{"line":135,"column":5}}]},"6":{"loc":{"start":{"line":137,"column":4},"end":{"line":139,"column":5}},"type":"if","locations":[{"start":{"line":137,"column":4},"end":{"line":139,"column":5}}]},"7":{"loc":{"start":{"line":141,"column":4},"end":{"line":143,"column":5}},"type":"if","locations":[{"start":{"line":141,"column":4},"end":{"line":143,"column":5}}]},"8":{"loc":{"start":{"line":175,"column":4},"end":{"line":177,"column":5}},"type":"if","locations":[{"start":{"line":175,"column":4},"end":{"line":177,"column":5}}]},"9":{"loc":{"start":{"line":180,"column":4},"end":{"line":182,"column":5}},"type":"if","locations":[{"start":{"line":180,"column":4},"end":{"line":182,"column":5}}]},"10":{"loc":{"start":{"line":180,"column":8},"end":{"line":180,"column":59}},"type":"binary-expr","locations":[{"start":{"line":180,"column":8},"end":{"line":180,"column":30}},{"start":{"line":180,"column":34},"end":{"line":180,"column":59}}]},"11":{"loc":{"start":{"line":184,"column":4},"end":{"line":186,"column":5}},"type":"if","locations":[{"start":{"line":184,"column":4},"end":{"line":186,"column":5}}]},"12":{"loc":{"start":{"line":184,"column":8},"end":{"line":184,"column":57}},"type":"binary-expr","locations":[{"start":{"line":184,"column":8},"end":{"line":184,"column":29}},{"start":{"line":184,"column":33},"end":{"line":184,"column":57}}]}},"s":{"0":1,"1":1,"2":1,"3":1,"4":1,"5":1,"6":1,"7":0,"8":0,"9":0,"10":0,"11":0,"12":0,"13":0,"14":0,"15":0,"16":0,"17":0,"18":0,"19":0,"20":0,"21":0,"22":0,"23":0,"24":0,"25":0,"26":0,"27":0,"28":0,"29":0,"30":0,"31":0,"32":0,"33":0,"34":0,"35":0,"36":0,"37":0,"38":0,"39":0,"40":0,"41":0,"42":0,"43":0,"44":1},"f":{"0":1,"1":0,"2":0,"3":0,"4":0},"b":{"0":[0],"1":[0],"2":[0],"3":[0,0],"4":[0],"5":[0],"6":[0],"7":[0],"8":[0],"9":[0],"10":[0,0],"11":[0],"12":[0,0]}}
,"/Users/rohitkarbari/Desktop/AZohad_Project/backend/src/services/doctor.service.ts": {"path":"/Users/rohitkarbari/Desktop/AZohad_Project/backend/src/services/doctor.service.ts","statementMap":{"0":{"start":{"line":2,"column":0},"end":{"line":2,"column":69}},"1":{"start":{"line":3,"column":0},"end":{"line":3,"column":62}},"2":{"start":{"line":4,"column":0},"end":{"line":4,"column":65}},"3":{"start":{"line":5,"column":0},"end":{"line":5,"column":58}},"4":{"start":{"line":6,"column":0},"end":{"line":6,"column":52}},"5":{"start":{"line":7,"column":0},"end":{"line":7,"column":36}},"6":{"start":{"line":14,"column":4},"end":{"line":14,"column":50}},"7":{"start":{"line":15,"column":4},"end":{"line":15,"column":46}},"8":{"start":{"line":23,"column":4},"end":{"line":23,"column":50}},"9":{"start":{"line":25,"column":21},"end":{"line":25,"column":66}},"10":{"start":{"line":26,"column":4},"end":{"line":41,"column":5}},"11":{"start":{"line":27,"column":6},"end":{"line":39,"column":8}},"12":{"start":{"line":40,"column":6},"end":{"line":40,"column":74}},"13":{"start":{"line":43,"column":25},"end":{"line":43,"column":59}},"14":{"start":{"line":44,"column":19},"end":{"line":55,"column":6}},"15":{"start":{"line":57,"column":18},"end":{"line":61,"column":6}},"16":{"start":{"line":63,"column":4},"end":{"line":75,"column":6}},"17":{"start":{"line":77,"column":4},"end":{"line":77,"column":83}},"18":{"start":{"line":79,"column":4},"end":{"line":88,"column":6}},"19":{"start":{"line":97,"column":19},"end":{"line":97,"column":59}},"20":{"start":{"line":98,"column":4},"end":{"line":113,"column":5}},"21":{"start":{"line":99,"column":6},"end":{"line":111,"column":8}},"22":{"start":{"line":112,"column":6},"end":{"line":112,"column":82}},"23":{"start":{"line":115,"column":31},"end":{"line":115,"column":65}},"24":{"start":{"line":116,"column":20},"end":{"line":116,"column":71}},"25":{"start":{"line":117,"column":4},"end":{"line":132,"column":5}},"26":{"start":{"line":118,"column":6},"end":{"line":130,"column":8}},"27":{"start":{"line":131,"column":6},"end":{"line":131,"column":82}},"28":{"start":{"line":134,"column":18},"end":{"line":138,"column":6}},"29":{"start":{"line":140,"column":4},"end":{"line":152,"column":6}},"30":{"start":{"line":154,"column":4},"end":{"line":154,"column":61}},"31":{"start":{"line":156,"column":4},"end":{"line":165,"column":6}},"32":{"start":{"line":169,"column":19},"end":{"line":169,"column":53}},"33":{"start":{"line":170,"column":4},"end":{"line":172,"column":5}},"34":{"start":{"line":171,"column":6},"end":{"line":171,"column":63}},"35":{"start":{"line":174,"column":4},"end":{"line":182,"column":6}},"36":{"start":{"line":186,"column":20},"end":{"line":186,"column":78}},"37":{"start":{"line":188,"column":4},"end":{"line":195,"column":8}},"38":{"start":{"line":188,"column":36},"end":{"line":195,"column":6}},"39":{"start":{"line":9,"column":0},"end":{"line":9,"column":13}}},"fnMap":{"0":{"name":"(anonymous_9)","decl":{"start":{"line":13,"column":2},"end":{"line":13,"column":14}},"loc":{"start":{"line":13,"column":25},"end":{"line":16,"column":3}}},"1":{"name":"(anonymous_10)","decl":{"start":{"line":18,"column":2},"end":{"line":18,"column":7}},"loc":{"start":{"line":21,"column":25},"end":{"line":89,"column":3}}},"2":{"name":"(anonymous_11)","decl":{"start":{"line":91,"column":2},"end":{"line":91,"column":7}},"loc":{"start":{"line":95,"column":25},"end":{"line":166,"column":3}}},"3":{"name":"(anonymous_12)","decl":{"start":{"line":115,"column":31},"end":{"line":115,"column":44}},"loc":{"start":{"line":115,"column":31},"end":{"line":115,"column":65}}},"4":{"name":"(anonymous_13)","decl":{"start":{"line":168,"column":2},"end":{"line":168,"column":7}},"loc":{"start":{"line":168,"column":32},"end":{"line":183,"column":3}}},"5":{"name":"(anonymous_14)","decl":{"start":{"line":185,"column":2},"end":{"line":185,"column":7}},"loc":{"start":{"line":185,"column":58},"end":{"line":196,"column":3}}},"6":{"name":"(anonymous_15)","decl":{"start":{"line":188,"column":23},"end":{"line":188,"column":24}},"loc":{"start":{"line":188,"column":36},"end":{"line":195,"column":6}}}},"branchMap":{"0":{"loc":{"start":{"line":26,"column":4},"end":{"line":41,"column":5}},"type":"if","locations":[{"start":{"line":26,"column":4},"end":{"line":41,"column":5}}]},"1":{"loc":{"start":{"line":98,"column":4},"end":{"line":113,"column":5}},"type":"if","locations":[{"start":{"line":98,"column":4},"end":{"line":113,"column":5}}]},"2":{"loc":{"start":{"line":117,"column":4},"end":{"line":132,"column":5}},"type":"if","locations":[{"start":{"line":117,"column":4},"end":{"line":132,"column":5}}]},"3":{"loc":{"start":{"line":170,"column":4},"end":{"line":172,"column":5}},"type":"if","locations":[{"start":{"line":170,"column":4},"end":{"line":172,"column":5}}]}},"s":{"0":1,"1":1,"2":1,"3":1,"4":1,"5":1,"6":1,"7":1,"8":0,"9":0,"10":0,"11":0,"12":0,"13":0,"14":0,"15":0,"16":0,"17":0,"18":0,"19":0,"20":0,"21":0,"22":0,"23":0,"24":0,"25":0,"26":0,"27":0,"28":0,"29":0,"30":0,"31":0,"32":0,"33":0,"34":0,"35":0,"36":0,"37":0,"38":0,"39":1},"f":{"0":1,"1":0,"2":0,"3":0,"4":0,"5":0,"6":0},"b":{"0":[0],"1":[0],"2":[0],"3":[0]}}
,"/Users/rohitkarbari/Desktop/AZohad_Project/backend/src/utils/audit-logger.ts": {"path":"/Users/rohitkarbari/Desktop/AZohad_Project/backend/src/utils/audit-logger.ts","statementMap":{"0":{"start":{"line":3,"column":0},"end":{"line":3,"column":36}},"1":{"start":{"line":6,"column":22},"end":{"line":6,"column":32}},"2":{"start":{"line":21,"column":4},"end":{"line":49,"column":5}},"3":{"start":{"line":22,"column":6},"end":{"line":34,"column":9}},"4":{"start":{"line":36,"column":6},"end":{"line":42,"column":9}},"5":{"start":{"line":44,"column":6},"end":{"line":48,"column":9}},"6":{"start":{"line":53,"column":20},"end":{"line":56,"column":19}},"7":{"start":{"line":58,"column":4},"end":{"line":58,"column":56}},"8":{"start":{"line":58,"column":35},"end":{"line":58,"column":54}},"9":{"start":{"line":62,"column":20},"end":{"line":65,"column":19}},"10":{"start":{"line":67,"column":4},"end":{"line":67,"column":56}},"11":{"start":{"line":67,"column":35},"end":{"line":67,"column":54}},"12":{"start":{"line":71,"column":4},"end":{"line":85,"column":6}},"13":{"start":{"line":5,"column":0},"end":{"line":5,"column":13}}},"fnMap":{"0":{"name":"(anonymous_0)","decl":{"start":{"line":6,"column":2},"end":{"line":6,"column":22}},"loc":{"start":{"line":6,"column":32},"end":{"line":6,"column":36}}},"1":{"name":"(anonymous_1)","decl":{"start":{"line":8,"column":2},"end":{"line":8,"column":7}},"loc":{"start":{"line":19,"column":33},"end":{"line":50,"column":3}}},"2":{"name":"(anonymous_2)","decl":{"start":{"line":52,"column":2},"end":{"line":52,"column":7}},"loc":{"start":{"line":52,"column":66},"end":{"line":59,"column":3}}},"3":{"name":"(anonymous_3)","decl":{"start":{"line":58,"column":23},"end":{"line":58,"column":24}},"loc":{"start":{"line":58,"column":35},"end":{"line":58,"column":54}}},"4":{"name":"(anonymous_4)","decl":{"start":{"line":61,"column":2},"end":{"line":61,"column":7}},"loc":{"start":{"line":61,"column":54},"end":{"line":68,"column":3}}},"5":{"name":"(anonymous_5)","decl":{"start":{"line":67,"column":23},"end":{"line":67,"column":24}},"loc":{"start":{"line":67,"column":35},"end":{"line":67,"column":54}}},"6":{"name":"(anonymous_6)","decl":{"start":{"line":70,"column":10},"end":{"line":70,"column":21}},"loc":{"start":{"line":70,"column":30},"end":{"line":86,"column":3}}}},"branchMap":{"0":{"loc":{"start":{"line":52,"column":48},"end":{"line":52,"column":66}},"type":"default-arg","locations":[{"start":{"line":52,"column":64},"end":{"line":52,"column":66}}]},"1":{"loc":{"start":{"line":61,"column":36},"end":{"line":61,"column":54}},"type":"default-arg","locations":[{"start":{"line":61,"column":52},"end":{"line":61,"column":54}}]}},"s":{"0":2,"1":4,"2":0,"3":0,"4":0,"5":0,"6":0,"7":0,"8":0,"9":0,"10":0,"11":0,"12":0,"13":2},"f":{"0":4,"1":0,"2":0,"3":0,"4":0,"5":0,"6":0},"b":{"0":[0],"1":[0]}}
,"/Users/rohitkarbari/Desktop/AZohad_Project/backend/src/utils/errors.ts": {"path":"/Users/rohitkarbari/Desktop/AZohad_Project/backend/src/utils/errors.ts","statementMap":{"0":{"start":{"line":12,"column":0},"end":{"line":12,"column":16}},"1":{"start":{"line":7,"column":4},"end":{"line":7,"column":19}},"2":{"start":{"line":3,"column":11},"end":{"line":3,"column":29}},"3":{"start":{"line":4,"column":11},"end":{"line":4,"column":23}},"4":{"start":{"line":8,"column":4},"end":{"line":8,"column":52}},"5":{"start":{"line":1,"column":0},"end":{"line":1,"column":13}},"6":{"start":{"line":13,"column":20},"end":{"line":13,"column":41}},"7":{"start":{"line":14,"column":2},"end":{"line":16,"column":3}},"8":{"start":{"line":15,"column":4},"end":{"line":15,"column":101}},"9":{"start":{"line":15,"column":78},"end":{"line":15,"column":87}}},"fnMap":{"0":{"name":"(anonymous_0)","decl":{"start":{"line":2,"column":2},"end":{"line":2,"column":null}},"loc":{"start":{"line":5,"column":19},"end":{"line":9,"column":3}}},"1":{"name":"validateInput","decl":{"start":{"line":12,"column":16},"end":{"line":12,"column":29}},"loc":{"start":{"line":12,"column":52},"end":{"line":17,"column":1}}},"2":{"name":"(anonymous_2)","decl":{"start":{"line":15,"column":66},"end":{"line":15,"column":67}},"loc":{"start":{"line":15,"column":78},"end":{"line":15,"column":87}}}},"branchMap":{"0":{"loc":{"start":{"line":14,"column":2},"end":{"line":16,"column":3}},"type":"if","locations":[{"start":{"line":14,"column":2},"end":{"line":16,"column":3}}]}},"s":{"0":2,"1":0,"2":0,"3":0,"4":0,"5":2,"6":0,"7":0,"8":0,"9":0},"f":{"0":0,"1":0,"2":0},"b":{"0":[0]}}
}
